04-21 21:20:09 replicate_layout.action_replicate_layout 305:Plugin executed on: 'win32'
04-21 21:20:09 replicate_layout.action_replicate_layout 306:Plugin executed with python version: '2.7.16 (default, Aug 15 2019, 17:51:40)  [GCC 9.2.0 64 bit (AMD64)]'
04-21 21:20:09 replicate_layout.action_replicate_layout 307:KiCad build version: Unknown
04-21 21:20:09 replicate_layout.action_replicate_layout 308:Replicate layout plugin version: 64 started
04-21 21:20:09 replicate_layout.action_replicate_layout 340:Preparing replicator with C1 as a reference
04-21 21:20:09 replicate_layout.replicatelayout 211:getting project hierarchy from schematics
04-21 21:20:09 replicate_layout.replicatelayout 213:Project hierarchy looks like:
{}
04-21 21:20:09 replicate_layout.replicatelayout 221:getting a list of all footprints on board
04-21 21:20:09 replicate_layout.action_replicate_layout 367:source anchor footprint is u'C1'
Located on:[]
With filenames:[]
With sheet_id:[]
04-21 21:20:09 replicate_layout.action_replicate_layout 371:Corresponding footprints are 
[(u'C1', [])]
04-21 21:20:09 replicate_layout.action_replicate_layout 384:Showing dialog
04-21 21:20:09 replicate_layout.action_replicate_layout 388:Pcbnew position: wx.Point(-8, -8)
04-21 21:20:09 replicate_layout.action_replicate_layout 394:Display 0: wx.Rect(0, 0, 1920, 1080)
04-21 21:20:09 replicate_layout.action_replicate_layout 398:Toolbar position: wx.Point(1722, 121)
04-21 21:20:09 replicate_layout.action_replicate_layout 405:Dialog position: wx.Point(1409, 121)
04-21 21:20:24 STDERR 426:Traceback (most recent call last):
04-21 21:20:24 STDERR 426:  File "C:\Program Files\KiCad\share\kicad\scripting\plugins/replicate_layout/action_replicate_layout.py", line 152, in OnOk
04-21 21:20:24 STDERR 426:sheets_on_a_level = self.replicator.get_sheets_to_replicate(self.src_anchor_module, self.src_anchor_module.sheet_id[level])
04-21 21:20:24 STDERR 426:IndexError
04-21 21:20:24 STDERR 426::
04-21 21:20:24 STDERR 426:list index out of range
04-21 21:20:27 STDERR 426:Traceback (most recent call last):
04-21 21:20:27 STDERR 426:  File "C:\Program Files\KiCad\share\kicad\scripting\plugins/replicate_layout/action_replicate_layout.py", line 152, in OnOk
04-21 21:20:27 STDERR 426:sheets_on_a_level = self.replicator.get_sheets_to_replicate(self.src_anchor_module, self.src_anchor_module.sheet_id[level])
04-21 21:20:27 STDERR 426:IndexError
04-21 21:20:27 STDERR 426::
04-21 21:20:27 STDERR 426:list index out of range
04-21 21:20:32 STDERR 426:Traceback (most recent call last):
04-21 21:20:32 STDERR 426:  File "C:\Program Files\KiCad\share\kicad\scripting\plugins/replicate_layout/action_replicate_layout.py", line 152, in OnOk
04-21 21:20:32 STDERR 426:sheets_on_a_level = self.replicator.get_sheets_to_replicate(self.src_anchor_module, self.src_anchor_module.sheet_id[level])
04-21 21:20:32 STDERR 426:IndexError
04-21 21:20:32 STDERR 426::
04-21 21:20:32 STDERR 426:list index out of range
04-21 21:20:41 STDERR 426:Traceback (most recent call last):
04-21 21:20:41 STDERR 426:  File "C:\Program Files\KiCad\share\kicad\scripting\plugins/replicate_layout/action_replicate_layout.py", line 152, in OnOk
04-21 21:20:41 STDERR 426:sheets_on_a_level = self.replicator.get_sheets_to_replicate(self.src_anchor_module, self.src_anchor_module.sheet_id[level])
04-21 21:20:41 STDERR 426:IndexError
04-21 21:20:41 STDERR 426::
04-21 21:20:41 STDERR 426:list index out of range
04-21 21:20:47 STDERR 426:Traceback (most recent call last):
04-21 21:20:47 STDERR 426:  File "C:\Program Files\KiCad\share\kicad\scripting\plugins/replicate_layout/action_replicate_layout.py", line 152, in OnOk
04-21 21:20:47 STDERR 426:sheets_on_a_level = self.replicator.get_sheets_to_replicate(self.src_anchor_module, self.src_anchor_module.sheet_id[level])
04-21 21:20:47 STDERR 426:IndexError
04-21 21:20:47 STDERR 426::
04-21 21:20:47 STDERR 426:list index out of range
04-21 21:20:47 STDERR 426:Traceback (most recent call last):
04-21 21:20:47 STDERR 426:  File "C:\Program Files\KiCad\share\kicad\scripting\plugins/replicate_layout/action_replicate_layout.py", line 152, in OnOk
04-21 21:20:47 STDERR 426:sheets_on_a_level = self.replicator.get_sheets_to_replicate(self.src_anchor_module, self.src_anchor_module.sheet_id[level])
04-21 21:20:47 STDERR 426:IndexError
04-21 21:20:47 STDERR 426::
04-21 21:20:47 STDERR 426:list index out of range
04-21 21:20:49 replicate_layout.action_replicate_layout 252:User canceled the dialog
